{
  "RSpec": {
    "coverage": {
      "/Users/student/Projects/bookmarks/spec/features/create_bookmark_spec.rb": [
        null,
        1,
        1,
        1,
        1,
        1,
        1,
        1,
        1,
        null,
        1,
        null,
        null
      ],
      "/Users/student/Projects/bookmarks/spec/features/deleting_a_bookmark_spec.rb": [
        1,
        1,
        1,
        1,
        1,
        null,
        1,
        null,
        0,
        0,
        null,
        null
      ],
      "/Users/student/Projects/bookmarks/spec/features/homepage_welcome_spec.rb": [
        1,
        1,
        1,
        1,
        null,
        null
      ],
      "/Users/student/Projects/bookmarks/spec/features/view_bookmarks_spec.rb": [
        1,
        1,
        1,
        1,
        1,
        1,
        1,
        1,
        1,
        null,
        null,
        null
      ],
      "/Users/student/Projects/bookmarks/spec/unit/bookmark_spec.rb": [
        1,
        1,
        null,
        1,
        null,
        1,
        1,
        null,
        1,
        1,
        1,
        1,
        1,
        1,
        1,
        1,
        1,
        null,
        null,
        null,
        1,
        1,
        1,
        1,
        1,
        null,
        1,
        1,
        1,
        1,
        null,
        null,
        1,
        1,
        1,
        null,
        1,
        null,
        0,
        null,
        null,
        null,
        null
      ],
      "/Users/student/Projects/bookmarks/app/models/bookmark.rb": [
        1,
        null,
        1,
        null,
        1,
        null,
        1,
        14,
        14,
        14,
        null,
        null,
        1,
        4,
        4,
        6,
        null,
        null,
        null,
        1,
        8,
        8,
        null,
        null,
        1,
        12,
        12,
        null,
        0,
        null,
        null,
        null,
        null
      ],
      "/Users/student/Projects/bookmarks/spec/database_helpers.rb": [
        1,
        null,
        1,
        1,
        1,
        1,
        null
      ]
    },
    "timestamp": 1563542387
  }
}
